{"C:\\Users\\user\\Desktop\\Capstone\\Travel App\\src\\client\\js\\app.js": {"path":"C:\\Users\\user\\Desktop\\Capstone\\Travel App\\src\\client\\js\\app.js","statementMap":{"0":{"start":{"line":5,"column":29},"end":{"line":7,"column":1}},"1":{"start":{"line":6,"column":2},"end":{"line":6,"column":82}},"2":{"start":{"line":10,"column":0},"end":{"line":12,"column":1}},"3":{"start":{"line":11,"column":2},"end":{"line":11,"column":18}}},"fnMap":{"0":{"name":"(anonymous_0)","decl":{"start":{"line":5,"column":29},"end":{"line":5,"column":30}},"loc":{"start":{"line":5,"column":35},"end":{"line":7,"column":1}},"line":5}},"branchMap":{"0":{"loc":{"start":{"line":10,"column":0},"end":{"line":12,"column":1}},"type":"if","locations":[{"start":{"line":10,"column":0},"end":{"line":12,"column":1}},{"start":{},"end":{}}],"line":10}},"s":{"0":1,"1":1,"2":1,"3":0},"f":{"0":1},"b":{"0":[0,1]},"_coverageSchema":"1a1c01bbd47fc00a2c39e90264f33305004495a9","hash":"1571ac9c8e37a1106b0facbcd89af3895ef1ed55"}
,"C:\\Users\\user\\Desktop\\Capstone\\Travel App\\src\\client\\js\\fetchData.js": {"path":"C:\\Users\\user\\Desktop\\Capstone\\Travel App\\src\\client\\js\\fetchData.js","statementMap":{"0":{"start":{"line":2,"column":33},"end":{"line":6,"column":1}},"1":{"start":{"line":3,"column":19},"end":{"line":3,"column":62}},"2":{"start":{"line":4,"column":15},"end":{"line":4,"column":36}},"3":{"start":{"line":5,"column":2},"end":{"line":5,"column":26}},"4":{"start":{"line":9,"column":32},"end":{"line":13,"column":1}},"5":{"start":{"line":10,"column":19},"end":{"line":10,"column":83}},"6":{"start":{"line":11,"column":15},"end":{"line":11,"column":36}},"7":{"start":{"line":12,"column":2},"end":{"line":12,"column":22}},"8":{"start":{"line":16,"column":26},"end":{"line":20,"column":1}},"9":{"start":{"line":17,"column":19},"end":{"line":17,"column":59}},"10":{"start":{"line":18,"column":15},"end":{"line":18,"column":36}},"11":{"start":{"line":19,"column":2},"end":{"line":19,"column":77}},"12":{"start":{"line":23,"column":33},"end":{"line":27,"column":1}},"13":{"start":{"line":24,"column":19},"end":{"line":24,"column":59}},"14":{"start":{"line":25,"column":15},"end":{"line":25,"column":36}},"15":{"start":{"line":26,"column":2},"end":{"line":26,"column":77}},"16":{"start":{"line":30,"column":32},"end":{"line":34,"column":1}},"17":{"start":{"line":31,"column":19},"end":{"line":31,"column":68}},"18":{"start":{"line":32,"column":15},"end":{"line":32,"column":36}},"19":{"start":{"line":33,"column":2},"end":{"line":33,"column":17}}},"fnMap":{"0":{"name":"(anonymous_0)","decl":{"start":{"line":2,"column":33},"end":{"line":2,"column":34}},"loc":{"start":{"line":2,"column":49},"end":{"line":6,"column":1}},"line":2},"1":{"name":"(anonymous_1)","decl":{"start":{"line":9,"column":32},"end":{"line":9,"column":33}},"loc":{"start":{"line":9,"column":58},"end":{"line":13,"column":1}},"line":9},"2":{"name":"(anonymous_2)","decl":{"start":{"line":16,"column":26},"end":{"line":16,"column":27}},"loc":{"start":{"line":16,"column":42},"end":{"line":20,"column":1}},"line":16},"3":{"name":"(anonymous_3)","decl":{"start":{"line":23,"column":33},"end":{"line":23,"column":34}},"loc":{"start":{"line":23,"column":52},"end":{"line":27,"column":1}},"line":23},"4":{"name":"(anonymous_4)","decl":{"start":{"line":30,"column":32},"end":{"line":30,"column":33}},"loc":{"start":{"line":30,"column":55},"end":{"line":34,"column":1}},"line":30}},"branchMap":{"0":{"loc":{"start":{"line":19,"column":9},"end":{"line":19,"column":76}},"type":"binary-expr","locations":[{"start":{"line":19,"column":9},"end":{"line":19,"column":35}},{"start":{"line":19,"column":39},"end":{"line":19,"column":76}}],"line":19},"1":{"loc":{"start":{"line":26,"column":9},"end":{"line":26,"column":76}},"type":"binary-expr","locations":[{"start":{"line":26,"column":9},"end":{"line":26,"column":35}},{"start":{"line":26,"column":39},"end":{"line":26,"column":76}}],"line":26}},"s":{"0":2,"1":2,"2":2,"3":2,"4":2,"5":2,"6":2,"7":2,"8":2,"9":2,"10":2,"11":2,"12":2,"13":1,"14":1,"15":1,"16":2,"17":1,"18":1,"19":1},"f":{"0":2,"1":2,"2":2,"3":1,"4":1},"b":{"0":[2,0],"1":[1,0]},"_coverageSchema":"1a1c01bbd47fc00a2c39e90264f33305004495a9","hash":"69c457201c6643d13da724be37fb46b04b1a4beb"}
,"C:\\Users\\user\\Desktop\\Capstone\\Travel App\\src\\client\\js\\formHandler.js": {"path":"C:\\Users\\user\\Desktop\\Capstone\\Travel App\\src\\client\\js\\formHandler.js","statementMap":{"0":{"start":{"line":5,"column":34},"end":{"line":9,"column":1}},"1":{"start":{"line":6,"column":19},"end":{"line":6,"column":33}},"2":{"start":{"line":7,"column":16},"end":{"line":7,"column":26}},"3":{"start":{"line":8,"column":2},"end":{"line":8,"column":63}},"4":{"start":{"line":12,"column":37},"end":{"line":16,"column":1}},"5":{"start":{"line":13,"column":16},"end":{"line":13,"column":35}},"6":{"start":{"line":14,"column":14},"end":{"line":14,"column":31}},"7":{"start":{"line":15,"column":2},"end":{"line":15,"column":58}},"8":{"start":{"line":19,"column":38},"end":{"line":23,"column":1}},"9":{"start":{"line":20,"column":16},"end":{"line":20,"column":63}},"10":{"start":{"line":21,"column":2},"end":{"line":21,"column":23}},"11":{"start":{"line":22,"column":2},"end":{"line":22,"column":55}},"12":{"start":{"line":26,"column":42},"end":{"line":67,"column":1}},"13":{"start":{"line":27,"column":14},"end":{"line":27,"column":61}},"14":{"start":{"line":30,"column":2},"end":{"line":33,"column":3}},"15":{"start":{"line":31,"column":4},"end":{"line":31,"column":39}},"16":{"start":{"line":32,"column":4},"end":{"line":32,"column":11}},"17":{"start":{"line":35,"column":2},"end":{"line":38,"column":3}},"18":{"start":{"line":36,"column":4},"end":{"line":36,"column":39}},"19":{"start":{"line":37,"column":4},"end":{"line":37,"column":11}},"20":{"start":{"line":41,"column":23},"end":{"line":41,"column":93}},"21":{"start":{"line":41,"column":46},"end":{"line":41,"column":92}},"22":{"start":{"line":43,"column":2},"end":{"line":46,"column":3}},"23":{"start":{"line":44,"column":4},"end":{"line":44,"column":63}},"24":{"start":{"line":45,"column":4},"end":{"line":45,"column":11}},"25":{"start":{"line":49,"column":2},"end":{"line":49,"column":62}},"26":{"start":{"line":52,"column":2},"end":{"line":54,"column":3}},"27":{"start":{"line":53,"column":4},"end":{"line":53,"column":37}},"28":{"start":{"line":57,"column":2},"end":{"line":57,"column":12}},"29":{"start":{"line":58,"column":2},"end":{"line":58,"column":30}},"30":{"start":{"line":61,"column":20},"end":{"line":61,"column":51}},"31":{"start":{"line":62,"column":2},"end":{"line":64,"column":3}},"32":{"start":{"line":63,"column":4},"end":{"line":63,"column":25}},"33":{"start":{"line":66,"column":2},"end":{"line":66,"column":38}},"34":{"start":{"line":70,"column":41},"end":{"line":83,"column":1}},"35":{"start":{"line":71,"column":2},"end":{"line":71,"column":12}},"36":{"start":{"line":73,"column":16},"end":{"line":73,"column":63}},"37":{"start":{"line":75,"column":2},"end":{"line":78,"column":3}},"38":{"start":{"line":76,"column":4},"end":{"line":76,"column":53}},"39":{"start":{"line":77,"column":4},"end":{"line":77,"column":11}},"40":{"start":{"line":80,"column":2},"end":{"line":82,"column":5}},"41":{"start":{"line":81,"column":4},"end":{"line":81,"column":107}},"42":{"start":{"line":86,"column":28},"end":{"line":130,"column":1}},"43":{"start":{"line":87,"column":2},"end":{"line":87,"column":25}},"44":{"start":{"line":89,"column":15},"end":{"line":89,"column":59}},"45":{"start":{"line":90,"column":20},"end":{"line":90,"column":57}},"46":{"start":{"line":91,"column":18},"end":{"line":91,"column":59}},"47":{"start":{"line":93,"column":2},"end":{"line":96,"column":3}},"48":{"start":{"line":94,"column":4},"end":{"line":94,"column":40}},"49":{"start":{"line":95,"column":4},"end":{"line":95,"column":11}},"50":{"start":{"line":98,"column":2},"end":{"line":129,"column":3}},"51":{"start":{"line":99,"column":21},"end":{"line":99,"column":50}},"52":{"start":{"line":100,"column":20},"end":{"line":100,"column":81}},"53":{"start":{"line":101,"column":16},"end":{"line":101,"column":38}},"54":{"start":{"line":103,"column":4},"end":{"line":105,"column":5}},"55":{"start":{"line":104,"column":6},"end":{"line":104,"column":60}},"56":{"start":{"line":107,"column":22},"end":{"line":107,"column":51}},"57":{"start":{"line":108,"column":25},"end":{"line":108,"column":66}},"58":{"start":{"line":110,"column":24},"end":{"line":110,"column":96}},"59":{"start":{"line":112,"column":21},"end":{"line":122,"column":5}},"60":{"start":{"line":124,"column":4},"end":{"line":124,"column":37}},"61":{"start":{"line":125,"column":4},"end":{"line":125,"column":77}},"62":{"start":{"line":127,"column":4},"end":{"line":127,"column":35}},"63":{"start":{"line":128,"column":4},"end":{"line":128,"column":61}},"64":{"start":{"line":133,"column":40},"end":{"line":158,"column":1}},"65":{"start":{"line":135,"column":2},"end":{"line":137,"column":5}},"66":{"start":{"line":136,"column":4},"end":{"line":136,"column":32}},"67":{"start":{"line":140,"column":27},"end":{"line":140,"column":65}},"68":{"start":{"line":141,"column":2},"end":{"line":157,"column":3}},"69":{"start":{"line":142,"column":4},"end":{"line":156,"column":7}},"70":{"start":{"line":143,"column":24},"end":{"line":143,"column":55}},"71":{"start":{"line":144,"column":6},"end":{"line":147,"column":7}},"72":{"start":{"line":145,"column":8},"end":{"line":145,"column":45}},"73":{"start":{"line":146,"column":8},"end":{"line":146,"column":15}},"74":{"start":{"line":149,"column":19},"end":{"line":149,"column":41}},"75":{"start":{"line":150,"column":6},"end":{"line":153,"column":7}},"76":{"start":{"line":151,"column":8},"end":{"line":151,"column":43}},"77":{"start":{"line":152,"column":8},"end":{"line":152,"column":15}},"78":{"start":{"line":155,"column":6},"end":{"line":155,"column":39}},"79":{"start":{"line":161,"column":0},"end":{"line":161,"column":27}}},"fnMap":{"0":{"name":"(anonymous_0)","decl":{"start":{"line":5,"column":34},"end":{"line":5,"column":35}},"loc":{"start":{"line":5,"column":44},"end":{"line":9,"column":1}},"line":5},"1":{"name":"(anonymous_1)","decl":{"start":{"line":12,"column":37},"end":{"line":12,"column":38}},"loc":{"start":{"line":12,"column":61},"end":{"line":16,"column":1}},"line":12},"2":{"name":"(anonymous_2)","decl":{"start":{"line":19,"column":38},"end":{"line":19,"column":39}},"loc":{"start":{"line":19,"column":52},"end":{"line":23,"column":1}},"line":19},"3":{"name":"(anonymous_3)","decl":{"start":{"line":26,"column":42},"end":{"line":26,"column":43}},"loc":{"start":{"line":26,"column":52},"end":{"line":67,"column":1}},"line":26},"4":{"name":"(anonymous_4)","decl":{"start":{"line":41,"column":36},"end":{"line":41,"column":37}},"loc":{"start":{"line":41,"column":46},"end":{"line":41,"column":92}},"line":41},"5":{"name":"(anonymous_5)","decl":{"start":{"line":70,"column":41},"end":{"line":70,"column":42}},"loc":{"start":{"line":70,"column":47},"end":{"line":83,"column":1}},"line":70},"6":{"name":"(anonymous_6)","decl":{"start":{"line":80,"column":16},"end":{"line":80,"column":17}},"loc":{"start":{"line":80,"column":26},"end":{"line":82,"column":3}},"line":80},"7":{"name":"(anonymous_7)","decl":{"start":{"line":86,"column":28},"end":{"line":86,"column":29}},"loc":{"start":{"line":86,"column":45},"end":{"line":130,"column":1}},"line":86},"8":{"name":"(anonymous_8)","decl":{"start":{"line":133,"column":40},"end":{"line":133,"column":41}},"loc":{"start":{"line":133,"column":46},"end":{"line":158,"column":1}},"line":133},"9":{"name":"(anonymous_9)","decl":{"start":{"line":135,"column":48},"end":{"line":135,"column":49}},"loc":{"start":{"line":135,"column":54},"end":{"line":137,"column":3}},"line":135},"10":{"name":"(anonymous_10)","decl":{"start":{"line":142,"column":47},"end":{"line":142,"column":48}},"loc":{"start":{"line":142,"column":53},"end":{"line":156,"column":5}},"line":142}},"branchMap":{"0":{"loc":{"start":{"line":20,"column":16},"end":{"line":20,"column":63}},"type":"binary-expr","locations":[{"start":{"line":20,"column":16},"end":{"line":20,"column":57}},{"start":{"line":20,"column":61},"end":{"line":20,"column":63}}],"line":20},"1":{"loc":{"start":{"line":27,"column":14},"end":{"line":27,"column":61}},"type":"binary-expr","locations":[{"start":{"line":27,"column":14},"end":{"line":27,"column":55}},{"start":{"line":27,"column":59},"end":{"line":27,"column":61}}],"line":27},"2":{"loc":{"start":{"line":30,"column":2},"end":{"line":33,"column":3}},"type":"if","locations":[{"start":{"line":30,"column":2},"end":{"line":33,"column":3}},{"start":{},"end":{}}],"line":30},"3":{"loc":{"start":{"line":35,"column":2},"end":{"line":38,"column":3}},"type":"if","locations":[{"start":{"line":35,"column":2},"end":{"line":38,"column":3}},{"start":{},"end":{}}],"line":35},"4":{"loc":{"start":{"line":43,"column":2},"end":{"line":46,"column":3}},"type":"if","locations":[{"start":{"line":43,"column":2},"end":{"line":46,"column":3}},{"start":{},"end":{}}],"line":43},"5":{"loc":{"start":{"line":52,"column":2},"end":{"line":54,"column":3}},"type":"if","locations":[{"start":{"line":52,"column":2},"end":{"line":54,"column":3}},{"start":{},"end":{}}],"line":52},"6":{"loc":{"start":{"line":62,"column":2},"end":{"line":64,"column":3}},"type":"if","locations":[{"start":{"line":62,"column":2},"end":{"line":64,"column":3}},{"start":{},"end":{}}],"line":62},"7":{"loc":{"start":{"line":73,"column":16},"end":{"line":73,"column":63}},"type":"binary-expr","locations":[{"start":{"line":73,"column":16},"end":{"line":73,"column":57}},{"start":{"line":73,"column":61},"end":{"line":73,"column":63}}],"line":73},"8":{"loc":{"start":{"line":75,"column":2},"end":{"line":78,"column":3}},"type":"if","locations":[{"start":{"line":75,"column":2},"end":{"line":78,"column":3}},{"start":{},"end":{}}],"line":75},"9":{"loc":{"start":{"line":93,"column":2},"end":{"line":96,"column":3}},"type":"if","locations":[{"start":{"line":93,"column":2},"end":{"line":96,"column":3}},{"start":{},"end":{}}],"line":93},"10":{"loc":{"start":{"line":93,"column":6},"end":{"line":93,"column":37}},"type":"binary-expr","locations":[{"start":{"line":93,"column":6},"end":{"line":93,"column":11}},{"start":{"line":93,"column":15},"end":{"line":93,"column":25}},{"start":{"line":93,"column":29},"end":{"line":93,"column":37}}],"line":93},"11":{"loc":{"start":{"line":103,"column":4},"end":{"line":105,"column":5}},"type":"if","locations":[{"start":{"line":103,"column":4},"end":{"line":105,"column":5}},{"start":{},"end":{}}],"line":103},"12":{"loc":{"start":{"line":103,"column":8},"end":{"line":103,"column":65}},"type":"binary-expr","locations":[{"start":{"line":103,"column":8},"end":{"line":103,"column":14}},{"start":{"line":103,"column":18},"end":{"line":103,"column":65}}],"line":103},"13":{"loc":{"start":{"line":110,"column":24},"end":{"line":110,"column":96}},"type":"cond-expr","locations":[{"start":{"line":110,"column":47},"end":{"line":110,"column":91}},{"start":{"line":110,"column":94},"end":{"line":110,"column":96}}],"line":110},"14":{"loc":{"start":{"line":141,"column":2},"end":{"line":157,"column":3}},"type":"if","locations":[{"start":{"line":141,"column":2},"end":{"line":157,"column":3}},{"start":{},"end":{}}],"line":141},"15":{"loc":{"start":{"line":144,"column":6},"end":{"line":147,"column":7}},"type":"if","locations":[{"start":{"line":144,"column":6},"end":{"line":147,"column":7}},{"start":{},"end":{}}],"line":144},"16":{"loc":{"start":{"line":150,"column":6},"end":{"line":153,"column":7}},"type":"if","locations":[{"start":{"line":150,"column":6},"end":{"line":153,"column":7}},{"start":{},"end":{}}],"line":150}},"s":{"0":1,"1":2,"2":2,"3":2,"4":1,"5":2,"6":2,"7":2,"8":1,"9":2,"10":2,"11":2,"12":1,"13":2,"14":2,"15":1,"16":1,"17":1,"18":0,"19":0,"20":1,"21":2,"22":1,"23":0,"24":0,"25":1,"26":1,"27":0,"28":1,"29":1,"30":1,"31":1,"32":1,"33":1,"34":1,"35":1,"36":1,"37":1,"38":1,"39":1,"40":0,"41":0,"42":1,"43":1,"44":1,"45":1,"46":1,"47":1,"48":0,"49":0,"50":1,"51":1,"52":1,"53":1,"54":1,"55":0,"56":1,"57":1,"58":1,"59":1,"60":1,"61":1,"62":0,"63":0,"64":1,"65":2,"66":0,"67":2,"68":2,"69":1,"70":1,"71":1,"72":0,"73":0,"74":1,"75":1,"76":0,"77":0,"78":1,"79":1},"f":{"0":2,"1":2,"2":2,"3":2,"4":2,"5":1,"6":0,"7":1,"8":2,"9":0,"10":1},"b":{"0":[2,1],"1":[2,1],"2":[1,1],"3":[0,1],"4":[0,1],"5":[0,1],"6":[1,0],"7":[1,1],"8":[1,0],"9":[0,1],"10":[1,1,1],"11":[0,1],"12":[1,1],"13":[0,1],"14":[1,1],"15":[0,1],"16":[0,1]},"_coverageSchema":"1a1c01bbd47fc00a2c39e90264f33305004495a9","hash":"445ebdf923b95ad442b78cf73eaf956b8ea5cfea"}
,"C:\\Users\\user\\Desktop\\Capstone\\Travel App\\src\\client\\js\\updateUI.js": {"path":"C:\\Users\\user\\Desktop\\Capstone\\Travel App\\src\\client\\js\\updateUI.js","statementMap":{"0":{"start":{"line":2,"column":24},"end":{"line":48,"column":1}},"1":{"start":{"line":3,"column":2},"end":{"line":6,"column":3}},"2":{"start":{"line":4,"column":4},"end":{"line":4,"column":48}},"3":{"start":{"line":5,"column":4},"end":{"line":5,"column":11}},"4":{"start":{"line":8,"column":2},"end":{"line":10,"column":4}},"5":{"start":{"line":11,"column":2},"end":{"line":13,"column":4}},"6":{"start":{"line":14,"column":2},"end":{"line":16,"column":4}},"7":{"start":{"line":17,"column":2},"end":{"line":19,"column":4}},"8":{"start":{"line":20,"column":2},"end":{"line":22,"column":4}},"9":{"start":{"line":23,"column":2},"end":{"line":25,"column":4}},"10":{"start":{"line":26,"column":2},"end":{"line":28,"column":4}},"11":{"start":{"line":31,"column":23},"end":{"line":31,"column":55}},"12":{"start":{"line":34,"column":2},"end":{"line":39,"column":3}},"13":{"start":{"line":35,"column":4},"end":{"line":35,"column":29}},"14":{"start":{"line":36,"column":4},"end":{"line":36,"column":41}},"15":{"start":{"line":38,"column":4},"end":{"line":38,"column":40}},"16":{"start":{"line":42,"column":2},"end":{"line":42,"column":36}},"17":{"start":{"line":43,"column":2},"end":{"line":43,"column":40}},"18":{"start":{"line":44,"column":2},"end":{"line":44,"column":37}},"19":{"start":{"line":45,"column":2},"end":{"line":45,"column":41}},"20":{"start":{"line":46,"column":2},"end":{"line":46,"column":39}},"21":{"start":{"line":47,"column":2},"end":{"line":47,"column":40}},"22":{"start":{"line":51,"column":23},"end":{"line":63,"column":1}},"23":{"start":{"line":52,"column":2},"end":{"line":52,"column":52}},"24":{"start":{"line":53,"column":2},"end":{"line":53,"column":54}},"25":{"start":{"line":54,"column":2},"end":{"line":54,"column":58}},"26":{"start":{"line":55,"column":2},"end":{"line":55,"column":54}},"27":{"start":{"line":56,"column":2},"end":{"line":56,"column":57}},"28":{"start":{"line":57,"column":2},"end":{"line":57,"column":55}},"29":{"start":{"line":58,"column":2},"end":{"line":58,"column":57}},"30":{"start":{"line":61,"column":23},"end":{"line":61,"column":55}},"31":{"start":{"line":62,"column":2},"end":{"line":62,"column":38}}},"fnMap":{"0":{"name":"(anonymous_0)","decl":{"start":{"line":2,"column":24},"end":{"line":2,"column":25}},"loc":{"start":{"line":2,"column":91},"end":{"line":48,"column":1}},"line":2},"1":{"name":"(anonymous_1)","decl":{"start":{"line":51,"column":23},"end":{"line":51,"column":24}},"loc":{"start":{"line":51,"column":29},"end":{"line":63,"column":1}},"line":51}},"branchMap":{"0":{"loc":{"start":{"line":3,"column":2},"end":{"line":6,"column":3}},"type":"if","locations":[{"start":{"line":3,"column":2},"end":{"line":6,"column":3}},{"start":{},"end":{}}],"line":3},"1":{"loc":{"start":{"line":3,"column":6},"end":{"line":3,"column":26}},"type":"binary-expr","locations":[{"start":{"line":3,"column":6},"end":{"line":3,"column":14}},{"start":{"line":3,"column":18},"end":{"line":3,"column":26}}],"line":3},"2":{"loc":{"start":{"line":18,"column":57},"end":{"line":18,"column":78}},"type":"binary-expr","locations":[{"start":{"line":18,"column":57},"end":{"line":18,"column":69}},{"start":{"line":18,"column":73},"end":{"line":18,"column":78}}],"line":18},"3":{"loc":{"start":{"line":21,"column":48},"end":{"line":21,"column":76}},"type":"binary-expr","locations":[{"start":{"line":21,"column":48},"end":{"line":21,"column":67}},{"start":{"line":21,"column":71},"end":{"line":21,"column":76}}],"line":21},"4":{"loc":{"start":{"line":24,"column":51},"end":{"line":24,"column":78}},"type":"binary-expr","locations":[{"start":{"line":24,"column":51},"end":{"line":24,"column":69}},{"start":{"line":24,"column":73},"end":{"line":24,"column":78}}],"line":24},"5":{"loc":{"start":{"line":34,"column":2},"end":{"line":39,"column":3}},"type":"if","locations":[{"start":{"line":34,"column":2},"end":{"line":39,"column":3}},{"start":{"line":37,"column":9},"end":{"line":39,"column":3}}],"line":34}},"s":{"0":1,"1":1,"2":0,"3":0,"4":1,"5":1,"6":1,"7":1,"8":1,"9":1,"10":1,"11":1,"12":1,"13":1,"14":1,"15":0,"16":1,"17":1,"18":1,"19":1,"20":1,"21":1,"22":1,"23":1,"24":1,"25":1,"26":1,"27":1,"28":1,"29":1,"30":1,"31":1},"f":{"0":1,"1":1},"b":{"0":[0,1],"1":[1,1],"2":[1,0],"3":[1,0],"4":[1,0],"5":[1,0]},"_coverageSchema":"1a1c01bbd47fc00a2c39e90264f33305004495a9","hash":"980cf37c21fc1faf19b44491bf5d7d39768c6a21"}
}
