TN:
SF:src\client\js\app.js
FN:5,(anonymous_0)
FNF:1
FNH:1
FNDA:1,(anonymous_0)
DA:5,1
DA:6,1
DA:10,1
DA:11,0
LF:4
LH:3
BRDA:10,0,0,0
BRDA:10,0,1,1
BRF:2
BRH:1
end_of_record
TN:
SF:src\client\js\fetchData.js
FN:2,(anonymous_0)
FN:9,(anonymous_1)
FN:16,(anonymous_2)
FN:23,(anonymous_3)
FN:30,(anonymous_4)
FNF:5
FNH:5
FNDA:2,(anonymous_0)
FNDA:2,(anonymous_1)
FNDA:2,(anonymous_2)
FNDA:1,(anonymous_3)
FNDA:1,(anonymous_4)
DA:2,2
DA:3,2
DA:4,2
DA:5,2
DA:9,2
DA:10,2
DA:11,2
DA:12,2
DA:16,2
DA:17,2
DA:18,2
DA:19,2
DA:23,2
DA:24,1
DA:25,1
DA:26,1
DA:30,2
DA:31,1
DA:32,1
DA:33,1
LF:20
LH:20
BRDA:19,0,0,2
BRDA:19,0,1,0
BRDA:26,1,0,1
BRDA:26,1,1,0
BRF:4
BRH:2
end_of_record
TN:
SF:src\client\js\formHandler.js
FN:5,(anonymous_0)
FN:12,(anonymous_1)
FN:19,(anonymous_2)
FN:26,(anonymous_3)
FN:41,(anonymous_4)
FN:70,(anonymous_5)
FN:80,(anonymous_6)
FN:86,(anonymous_7)
FN:133,(anonymous_8)
FN:135,(anonymous_9)
FN:142,(anonymous_10)
FNF:11
FNH:9
FNDA:2,(anonymous_0)
FNDA:2,(anonymous_1)
FNDA:2,(anonymous_2)
FNDA:2,(anonymous_3)
FNDA:2,(anonymous_4)
FNDA:1,(anonymous_5)
FNDA:0,(anonymous_6)
FNDA:1,(anonymous_7)
FNDA:2,(anonymous_8)
FNDA:0,(anonymous_9)
FNDA:1,(anonymous_10)
DA:5,1
DA:6,2
DA:7,2
DA:8,2
DA:12,1
DA:13,2
DA:14,2
DA:15,2
DA:19,1
DA:20,2
DA:21,2
DA:22,2
DA:26,1
DA:27,2
DA:30,2
DA:31,1
DA:32,1
DA:35,1
DA:36,0
DA:37,0
DA:41,2
DA:43,1
DA:44,0
DA:45,0
DA:49,1
DA:52,1
DA:53,0
DA:57,1
DA:58,1
DA:61,1
DA:62,1
DA:63,1
DA:66,1
DA:70,1
DA:71,1
DA:73,1
DA:75,1
DA:76,1
DA:77,1
DA:80,0
DA:81,0
DA:86,1
DA:87,1
DA:89,1
DA:90,1
DA:91,1
DA:93,1
DA:94,0
DA:95,0
DA:98,1
DA:99,1
DA:100,1
DA:101,1
DA:103,1
DA:104,0
DA:107,1
DA:108,1
DA:110,1
DA:112,1
DA:124,1
DA:125,1
DA:127,0
DA:128,0
DA:133,1
DA:135,2
DA:136,0
DA:140,2
DA:141,2
DA:142,1
DA:143,1
DA:144,1
DA:145,0
DA:146,0
DA:149,1
DA:150,1
DA:151,0
DA:152,0
DA:155,1
DA:161,1
LF:79
LH:62
BRDA:20,0,0,2
BRDA:20,0,1,1
BRDA:27,1,0,2
BRDA:27,1,1,1
BRDA:30,2,0,1
BRDA:30,2,1,1
BRDA:35,3,0,0
BRDA:35,3,1,1
BRDA:43,4,0,0
BRDA:43,4,1,1
BRDA:52,5,0,0
BRDA:52,5,1,1
BRDA:62,6,0,1
BRDA:62,6,1,0
BRDA:73,7,0,1
BRDA:73,7,1,1
BRDA:75,8,0,1
BRDA:75,8,1,0
BRDA:93,9,0,0
BRDA:93,9,1,1
BRDA:93,10,0,1
BRDA:93,10,1,1
BRDA:93,10,2,1
BRDA:103,11,0,0
BRDA:103,11,1,1
BRDA:103,12,0,1
BRDA:103,12,1,1
BRDA:110,13,0,0
BRDA:110,13,1,1
BRDA:141,14,0,1
BRDA:141,14,1,1
BRDA:144,15,0,0
BRDA:144,15,1,1
BRDA:150,16,0,0
BRDA:150,16,1,1
BRF:35
BRH:25
end_of_record
TN:
SF:src\client\js\updateUI.js
FN:2,(anonymous_0)
FN:51,(anonymous_1)
FNF:2
FNH:2
FNDA:1,(anonymous_0)
FNDA:1,(anonymous_1)
DA:2,1
DA:3,1
DA:4,0
DA:5,0
DA:8,1
DA:11,1
DA:14,1
DA:17,1
DA:20,1
DA:23,1
DA:26,1
DA:31,1
DA:34,1
DA:35,1
DA:36,1
DA:38,0
DA:42,1
DA:43,1
DA:44,1
DA:45,1
DA:46,1
DA:47,1
DA:51,1
DA:52,1
DA:53,1
DA:54,1
DA:55,1
DA:56,1
DA:57,1
DA:58,1
DA:61,1
DA:62,1
LF:32
LH:29
BRDA:3,0,0,0
BRDA:3,0,1,1
BRDA:3,1,0,1
BRDA:3,1,1,1
BRDA:18,2,0,1
BRDA:18,2,1,0
BRDA:21,3,0,1
BRDA:21,3,1,0
BRDA:24,4,0,1
BRDA:24,4,1,0
BRDA:34,5,0,1
BRDA:34,5,1,0
BRF:12
BRH:7
end_of_record
